Watching for file changes with StatReloader
/home/oem/Amali-backend/Amali/Amali/settings.py changed, reloading.
Watching for file changes with StatReloader
/home/oem/Amali-backend/Amali/Amali/settings.py changed, reloading.
Watching for file changes with StatReloader
/home/oem/Amali-backend/Amali/Amali/settings.py changed, reloading.
Watching for file changes with StatReloader
/home/oem/Amali-backend/Amali/api/views.py changed, reloading.
Watching for file changes with StatReloader
Method Not Allowed: /api/regularuser/login/
Internal Server Error: /api/regularuser/login/
Traceback (most recent call last):
  File "/usr/lib/python3/dist-packages/django/core/handlers/exception.py", line 47, in inner
    response = get_response(request)
  File "/usr/lib/python3/dist-packages/django/core/handlers/base.py", line 181, in _get_response
    response = wrapped_callback(request, *callback_args, **callback_kwargs)
  File "/usr/lib/python3/dist-packages/django/views/decorators/csrf.py", line 54, in wrapped_view
    return view_func(*args, **kwargs)
  File "/usr/lib/python3/dist-packages/django/views/generic/base.py", line 70, in view
    return self.dispatch(request, *args, **kwargs)
  File "/home/oem/.local/lib/python3.10/site-packages/rest_framework/views.py", line 509, in dispatch
    response = self.handle_exception(exc)
  File "/home/oem/.local/lib/python3.10/site-packages/rest_framework/views.py", line 469, in handle_exception
    self.raise_uncaught_exception(exc)
  File "/home/oem/.local/lib/python3.10/site-packages/rest_framework/views.py", line 480, in raise_uncaught_exception
    raise exc
  File "/home/oem/.local/lib/python3.10/site-packages/rest_framework/views.py", line 506, in dispatch
    response = handler(request, *args, **kwargs)
  File "/home/oem/Amali-backend/Amali/api/views.py", line 86, in post
    logger.info('Attempting to log in user with email: %s', email)
NameError: name 'logger' is not defined
/home/oem/Amali-backend/Amali/api/views.py changed, reloading.
Watching for file changes with StatReloader
/home/oem/Amali-backend/Amali/api/views.py changed, reloading.
Watching for file changes with StatReloader
/home/oem/Amali-backend/Amali/api/views.py changed, reloading.
Watching for file changes with StatReloader
/home/oem/Amali-backend/Amali/api/views.py changed, reloading.
Watching for file changes with StatReloader
/home/oem/Amali-backend/Amali/Amali/settings.py changed, reloading.
